<?xml version="1.0" encoding="UTF-8"?>
<!-- Generated by org.testng.reporters.JUnitReportReporter -->
<testsuite hostname="WKWZTmLsfr3dx3L" failures="0" tests="1" name="day2.Test2" time="0.000" errors="0" timestamp="2022-12-01T14:21:40 IST" skipped="0">
  <testcase classname="day2.Test2" name="palindrome" time="0.000"/>
  <system-out/>
</testsuite> <!-- day2.Test2 -->
